Using pre-set license
Built from '2020.3/release' branch; Version is '2020.3.2f1 (8fd9074bf66c) revision 9427207'; Using compiler version '192528614'; Build Type 'Release'
OS: 'Windows 10 Home; OS build 18363.1082; Version 1909; 64bit' Language: 'en' Physical Memory: 16207 MB
BatchMode: 1, IsHumanControllingUs: 0, StartBugReporterOnCrash: 0, Is64bit: 1, IsPro: 0

 COMMAND LINE ARGUMENTS:
C:\Program Files\Unity\Hub\Editor\2020.3.2f1\Editor\Unity.exe
-adb2
-batchMode
-noUpm
-name
AssetImportWorker0
-projectPath
C:/SCHOOL/gitti/Reportiary/Unity Koulu project
-logFile
Logs/AssetImportWorker0.log
-srvPort
50490
Successfully changed project path to: C:/SCHOOL/gitti/Reportiary/Unity Koulu project
C:/SCHOOL/gitti/Reportiary/Unity Koulu project
Using Asset Import Pipeline V2.
Refreshing native plugins compatible for Editor in 58.26 ms, found 0 plugins.
Preloading 0 native plugins for Editor in 0.00 ms.
Initialize engine version: 2020.3.2f1 (8fd9074bf66c)
[Subsystems] Discovering subsystems at path C:/Program Files/Unity/Hub/Editor/2020.3.2f1/Editor/Data/Resources/UnitySubsystems
[Subsystems] Discovering subsystems at path C:/SCHOOL/gitti/Reportiary/Unity Koulu project/Assets
GfxDevice: creating device client; threaded=0
Direct3D:
    Version:  Direct3D 11.0 [level 11.1]
    Renderer: NVIDIA GeForce RTX 2060 (ID=0x1f15)
    Vendor:   
    VRAM:     5980 MB
    Driver:   27.21.14.6627
Shader 'Universal Render Pipeline/Particles/Lit': fallback shader 'Universal Render Pipeline/Particles/SimpleLit' not found
Initialize mono
Mono path[0] = 'C:/Program Files/Unity/Hub/Editor/2020.3.2f1/Editor/Data/Managed'
Mono path[1] = 'C:/Program Files/Unity/Hub/Editor/2020.3.2f1/Editor/Data/MonoBleedingEdge/lib/mono/unityjit'
Mono config path = 'C:/Program Files/Unity/Hub/Editor/2020.3.2f1/Editor/Data/MonoBleedingEdge/etc'
Using monoOptions --debugger-agent=transport=dt_socket,embedding=1,server=y,suspend=n,address=127.0.0.1:56348
Begin MonoManager ReloadAssembly
Registering precompiled unity dll's ...
Register platform support module: C:/Program Files/Unity/Hub/Editor/2020.3.2f1/Editor/Data/PlaybackEngines/WindowsStandaloneSupport/UnityEditor.WindowsStandalone.Extensions.dll
Registered in 0.001403 seconds.
Native extension for WindowsStandalone target not found
Refreshing native plugins compatible for Editor in 59.09 ms, found 0 plugins.
Preloading 0 native plugins for Editor in 0.00 ms.
Invoked RoslynAnalysisRunner static constructor.
RoslynAnalysisRunner will not be running.
RoslynAnalysisRunner has terminated.
Mono: successfully reloaded assembly
- Completed reload, in  0.898 seconds
Platform modules already initialized, skipping
Registering precompiled user dll's ...
Registered in 0.001289 seconds.
Begin MonoManager ReloadAssembly
Native extension for WindowsStandalone target not found
Refreshing native plugins compatible for Editor in 57.01 ms, found 0 plugins.
Preloading 0 native plugins for Editor in 0.00 ms.
Invoked RoslynAnalysisRunner static constructor.
RoslynAnalysisRunner will not be running.
RoslynAnalysisRunner has terminated.
Mono: successfully reloaded assembly
- Completed reload, in  1.060 seconds
Platform modules already initialized, skipping
========================================================================
Worker process is ready to serve import requests
Shader 'Universal Render Pipeline/Particles/Lit': fallback shader 'Universal Render Pipeline/Particles/SimpleLit' not found
Launched and connected shader compiler UnityShaderCompiler.exe after 0.04 seconds
Refreshing native plugins compatible for Editor in 0.57 ms, found 0 plugins.
Preloading 0 native plugins for Editor in 0.00 ms.
Unloading 3280 Unused Serialized files (Serialized files now loaded: 0)
System memory in use before: 163.0 MB.
System memory in use after: 163.2 MB.

Unloading 106 unused Assets to reduce memory usage. Loaded Objects now: 3734.
Total: 3.410600 ms (FindLiveObjects: 0.395700 ms CreateObjectMapping: 0.187900 ms MarkObjects: 2.490600 ms  DeleteObjects: 0.335500 ms)

========================================================================
Received Import Request.
  path: Assets/RPG_FPS_game_assets_industrial/Textures/Skyboxes
  artifactKey: Guid(26d624437a96ddb4cbb22ad75ce09492) Importer(815301076,1909f56bfc062723c751e8b465ee728b)
Start importing Assets/RPG_FPS_game_assets_industrial/Textures/Skyboxes using Guid(26d624437a96ddb4cbb22ad75ce09492) Importer(815301076,1909f56bfc062723c751e8b465ee728b)  -> (artifact id: 'b89cf0f6dd83dee7c95773c755ad2c1d') in 0.008779 seconds
  Import took 0.013284 seconds .

========================================================================
Received Import Request.
  Time since last request: 0.000309 seconds.
  path: Assets/RPG_FPS_game_assets_industrial/Textures
  artifactKey: Guid(fb80605a518b6e24098300d0fcb1e0ee) Importer(815301076,1909f56bfc062723c751e8b465ee728b)
Start importing Assets/RPG_FPS_game_assets_industrial/Textures using Guid(fb80605a518b6e24098300d0fcb1e0ee) Importer(815301076,1909f56bfc062723c751e8b465ee728b)  -> (artifact id: 'f40e4297f4fd92106aa7479563e7d3b8') in 0.005381 seconds
  Import took 0.009554 seconds .

========================================================================
Received Import Request.
  Time since last request: 0.000378 seconds.
  path: Assets/RPG_FPS_game_assets_industrial/Textures/Skyboxes/Skybox_v1
  artifactKey: Guid(ef9d1890987a8f34684204709003ee61) Importer(815301076,1909f56bfc062723c751e8b465ee728b)
Start importing Assets/RPG_FPS_game_assets_industrial/Textures/Skyboxes/Skybox_v1 using Guid(ef9d1890987a8f34684204709003ee61) Importer(815301076,1909f56bfc062723c751e8b465ee728b)  -> (artifact id: 'e43b46964e4fd35d933c23afc19bf2dd') in 0.006743 seconds
  Import took 0.011007 seconds .

========================================================================
Received Import Request.
  Time since last request: 0.000305 seconds.
  path: Assets/RPG_FPS_game_assets_industrial/Textures/Skyboxes/Skybox_v1.mat
  artifactKey: Guid(d31c39a02635df440a5fc4a31d963725) Importer(815301076,1909f56bfc062723c751e8b465ee728b)
Start importing Assets/RPG_FPS_game_assets_industrial/Textures/Skyboxes/Skybox_v1.mat using Guid(d31c39a02635df440a5fc4a31d963725) Importer(815301076,1909f56bfc062723c751e8b465ee728b)  -> (artifact id: '5177a93873faccbc2e6cef0033c45d0d') in 0.258445 seconds
  Import took 0.263908 seconds .

========================================================================
Received Import Request.
  Time since last request: 0.000272 seconds.
  path: Assets/RPG_FPS_game_assets_industrial/Textures/Skyboxes/Skybox_v1/Skybox_v1.mat
  artifactKey: Guid(fd2ca71f1bddbe842987cfb87b9e752a) Importer(815301076,1909f56bfc062723c751e8b465ee728b)
Start importing Assets/RPG_FPS_game_assets_industrial/Textures/Skyboxes/Skybox_v1/Skybox_v1.mat using Guid(fd2ca71f1bddbe842987cfb87b9e752a) Importer(815301076,1909f56bfc062723c751e8b465ee728b)  -> (artifact id: '5218e7c5265e7de8c44230d5f199975c') in 0.025695 seconds
  Import took 0.032244 seconds .

========================================================================
Received Import Request.
  Time since last request: 0.000270 seconds.
  path: Assets/RPG_FPS_game_assets_industrial/Textures/Skyboxes/Skybox_v1/Skybox_v2.tga
  artifactKey: Guid(db6b721fa9e3c70468f5674c477630eb) Importer(815301076,1909f56bfc062723c751e8b465ee728b)
Start importing Assets/RPG_FPS_game_assets_industrial/Textures/Skyboxes/Skybox_v1/Skybox_v2.tga using Guid(db6b721fa9e3c70468f5674c477630eb) Importer(815301076,1909f56bfc062723c751e8b465ee728b)  -> (artifact id: 'ebff96136d3b1c035b53d90f48032667') in 0.045508 seconds
  Import took 0.051729 seconds .

========================================================================
Received Import Request.
  Time since last request: 0.000239 seconds.
  path: Assets/RPG_FPS_game_assets_industrial/Textures/Skyboxes/Skybox_v1/Skybox_v1.tga
  artifactKey: Guid(c7d6d657df5abae4f8c25def4868967b) Importer(815301076,1909f56bfc062723c751e8b465ee728b)
Start importing Assets/RPG_FPS_game_assets_industrial/Textures/Skyboxes/Skybox_v1/Skybox_v1.tga using Guid(c7d6d657df5abae4f8c25def4868967b) Importer(815301076,1909f56bfc062723c751e8b465ee728b)  -> (artifact id: '439420646f141b94ccbf0c5352108f76') in 0.023527 seconds
  Import took 0.029145 seconds .

========================================================================
Received Import Request.
  Time since last request: 0.000288 seconds.
  path: Assets/RPG_FPS_game_assets_industrial/Textures/Skyboxes/Skybox_v1/Skybox_v2.mat
  artifactKey: Guid(1b633269e4ab8dc4f8434d5bc3ba1023) Importer(815301076,1909f56bfc062723c751e8b465ee728b)
Start importing Assets/RPG_FPS_game_assets_industrial/Textures/Skyboxes/Skybox_v1/Skybox_v2.mat using Guid(1b633269e4ab8dc4f8434d5bc3ba1023) Importer(815301076,1909f56bfc062723c751e8b465ee728b)  -> (artifact id: 'b4b385c7acae8cad6035b053df5d5a62') in 0.024322 seconds
  Import took 0.030052 seconds .

========================================================================
Received Import Request.
  Time since last request: 8.797425 seconds.
  path: Assets/RPG_FPS_game_assets_industrial/Textures/Grass
  artifactKey: Guid(7e0443f6f753b8843a5c46c41a55421f) Importer(815301076,1909f56bfc062723c751e8b465ee728b)
Start importing Assets/RPG_FPS_game_assets_industrial/Textures/Grass using Guid(7e0443f6f753b8843a5c46c41a55421f) Importer(815301076,1909f56bfc062723c751e8b465ee728b)  -> (artifact id: '3784690ce8b9ce7e133b5a0c2ca8bdb4') in 0.006639 seconds
  Import took 0.012302 seconds .

========================================================================
Received Import Request.
  Time since last request: 0.077337 seconds.
  path: Assets/RPG_FPS_game_assets_industrial/Textures/Grass/Grass_v1.mat
  artifactKey: Guid(72b1322d6d38696439f8d1e283ddfdf7) Importer(815301076,1909f56bfc062723c751e8b465ee728b)
Start importing Assets/RPG_FPS_game_assets_industrial/Textures/Grass/Grass_v1.mat using Guid(72b1322d6d38696439f8d1e283ddfdf7) Importer(815301076,1909f56bfc062723c751e8b465ee728b)  -> (artifact id: 'cd11c25ae225cfe49c8d6a41ade1a004') in 0.051380 seconds
  Import took 0.056501 seconds .

========================================================================
Received Import Request.
  Time since last request: 0.000223 seconds.
  path: Assets/RPG_FPS_game_assets_industrial/Textures/Grass/Grass_v1.tga
  artifactKey: Guid(458fc6f7dd428e748a22f2ed232be143) Importer(815301076,1909f56bfc062723c751e8b465ee728b)
Start importing Assets/RPG_FPS_game_assets_industrial/Textures/Grass/Grass_v1.tga using Guid(458fc6f7dd428e748a22f2ed232be143) Importer(815301076,1909f56bfc062723c751e8b465ee728b)  -> (artifact id: '532cd2f3783d87acef143228bab3613a') in 0.013489 seconds
  Import took 0.017898 seconds .

========================================================================
Received Import Request.
  Time since last request: 11.800434 seconds.
  path: Assets/RPG_FPS_game_assets_industrial/Textures/Grass/Grass_v1.mat
  artifactKey: Guid(72b1322d6d38696439f8d1e283ddfdf7) Importer(815301076,1909f56bfc062723c751e8b465ee728b)
Start importing Assets/RPG_FPS_game_assets_industrial/Textures/Grass/Grass_v1.mat using Guid(72b1322d6d38696439f8d1e283ddfdf7) Importer(815301076,1909f56bfc062723c751e8b465ee728b)  -> (artifact id: '32a055688550368a077afda6d345ba10') in 0.018017 seconds
  Import took 0.022970 seconds .

========================================================================
Received Import Request.
  Time since last request: 16.504582 seconds.
  path: Assets/HousePack/Models/House5
  artifactKey: Guid(1b5c435cc482a0148953ddeb9106cd25) Importer(815301076,1909f56bfc062723c751e8b465ee728b)
Start importing Assets/HousePack/Models/House5 using Guid(1b5c435cc482a0148953ddeb9106cd25) Importer(815301076,1909f56bfc062723c751e8b465ee728b)  -> (artifact id: '47ec3a17e7908eba34d5502c242ac9bd') in 0.006160 seconds
  Import took 0.012077 seconds .

========================================================================
Received Import Request.
  Time since last request: 0.291596 seconds.
  path: Assets/HousePack/Models/House6
  artifactKey: Guid(f7779378f9f359d4f9a7965986128086) Importer(815301076,1909f56bfc062723c751e8b465ee728b)
Start importing Assets/HousePack/Models/House6 using Guid(f7779378f9f359d4f9a7965986128086) Importer(815301076,1909f56bfc062723c751e8b465ee728b)  -> (artifact id: 'f1e6a7667d4a9f5166c30abf0ccfa47a') in 0.005814 seconds
  Import took 0.010985 seconds .

========================================================================
Received Import Request.
  Time since last request: 2.687695 seconds.
  path: Assets/HousePack/Models/House7
  artifactKey: Guid(5ce301e63a4cf14429d4fa556269f2a9) Importer(815301076,1909f56bfc062723c751e8b465ee728b)
Start importing Assets/HousePack/Models/House7 using Guid(5ce301e63a4cf14429d4fa556269f2a9) Importer(815301076,1909f56bfc062723c751e8b465ee728b)  -> (artifact id: 'e823a4a68329c3a222216853996d31f2') in 0.005377 seconds
  Import took 0.010175 seconds .

========================================================================
Received Import Request.
  Time since last request: 1.835529 seconds.
  path: Assets/HousePack/Models/House8
  artifactKey: Guid(022459aec886a7e44bfa2ae8c136ec2f) Importer(815301076,1909f56bfc062723c751e8b465ee728b)
Start importing Assets/HousePack/Models/House8 using Guid(022459aec886a7e44bfa2ae8c136ec2f) Importer(815301076,1909f56bfc062723c751e8b465ee728b)  -> (artifact id: '48d4c90c3cf171d014198ffeb1fbddcd') in 0.006337 seconds
  Import took 0.011670 seconds .

========================================================================
Received Import Request.
  Time since last request: 13.134749 seconds.
  path: Assets/HousePack/Models/House9
  artifactKey: Guid(c70aa2a83acb0fb48b80087635a316f9) Importer(815301076,1909f56bfc062723c751e8b465ee728b)
Start importing Assets/HousePack/Models/House9 using Guid(c70aa2a83acb0fb48b80087635a316f9) Importer(815301076,1909f56bfc062723c751e8b465ee728b)  -> (artifact id: '54829cbadadc8336b2ec89fb866d6101') in 0.006194 seconds
  Import took 0.011223 seconds .

========================================================================
Received Import Request.
  Time since last request: 3.574332 seconds.
  path: Assets/HousePack/Models/House9/Materials
  artifactKey: Guid(5db157a3b607f684bbd2d32e1274d13f) Importer(815301076,1909f56bfc062723c751e8b465ee728b)
Start importing Assets/HousePack/Models/House9/Materials using Guid(5db157a3b607f684bbd2d32e1274d13f) Importer(815301076,1909f56bfc062723c751e8b465ee728b)  -> (artifact id: '77e230006bb177eb5817c76732680967') in 0.007123 seconds
  Import took 0.011760 seconds .

========================================================================
Received Import Request.
  Time since last request: 0.056518 seconds.
  path: Assets/HousePack/Models/House9/Materials/09 - Default.mat
  artifactKey: Guid(3b32d600f2220644ebf56e5d492a0106) Importer(815301076,1909f56bfc062723c751e8b465ee728b)
Start importing Assets/HousePack/Models/House9/Materials/09 - Default.mat using Guid(3b32d600f2220644ebf56e5d492a0106) Importer(815301076,1909f56bfc062723c751e8b465ee728b)  -> (artifact id: 'ac07e93c6cae46d0a000dacbf8bdc29f') in 0.012602 seconds
  Import took 0.017429 seconds .

========================================================================
Received Import Request.
  Time since last request: 0.000346 seconds.
  path: Assets/HousePack/Models/House9/Materials/map4.mat
  artifactKey: Guid(1579f2e6fb44f4f43b09899abdc6a8ed) Importer(815301076,1909f56bfc062723c751e8b465ee728b)
Start importing Assets/HousePack/Models/House9/Materials/map4.mat using Guid(1579f2e6fb44f4f43b09899abdc6a8ed) Importer(815301076,1909f56bfc062723c751e8b465ee728b)  -> (artifact id: 'fe44815de97d560402cde13c1c5a6b91') in 0.012180 seconds
  Import took 0.016617 seconds .

========================================================================
Received Import Request.
  Time since last request: 0.000281 seconds.
  path: Assets/HousePack/Models/House9/Materials/map17.mat
  artifactKey: Guid(81b44a49a7795b947aac6d81111c6438) Importer(815301076,1909f56bfc062723c751e8b465ee728b)
Start importing Assets/HousePack/Models/House9/Materials/map17.mat using Guid(81b44a49a7795b947aac6d81111c6438) Importer(815301076,1909f56bfc062723c751e8b465ee728b)  -> (artifact id: 'c15c695b5166201e41eccedf9fe76caa') in 0.011266 seconds
  Import took 0.015744 seconds .

========================================================================
Received Import Request.
  Time since last request: 0.000359 seconds.
  path: Assets/HousePack/Models/House9/Materials/map1.mat
  artifactKey: Guid(a529c88e0f1511d41a12ae729b1e90de) Importer(815301076,1909f56bfc062723c751e8b465ee728b)
Start importing Assets/HousePack/Models/House9/Materials/map1.mat using Guid(a529c88e0f1511d41a12ae729b1e90de) Importer(815301076,1909f56bfc062723c751e8b465ee728b)  -> (artifact id: '94034676cbd2291a1e6971d1262d8487') in 0.011473 seconds
  Import took 0.015961 seconds .

========================================================================
Received Import Request.
  Time since last request: 0.000262 seconds.
  path: Assets/HousePack/Models/House9/Materials/map2.mat
  artifactKey: Guid(40a10a77e935d0446a83c1794c57c285) Importer(815301076,1909f56bfc062723c751e8b465ee728b)
Start importing Assets/HousePack/Models/House9/Materials/map2.mat using Guid(40a10a77e935d0446a83c1794c57c285) Importer(815301076,1909f56bfc062723c751e8b465ee728b)  -> (artifact id: '3d7d69c5a1bd8caa5012c2e3637f8d87') in 0.011464 seconds
  Import took 0.016538 seconds .

========================================================================
Received Import Request.
  Time since last request: 0.000284 seconds.
  path: Assets/HousePack/Models/House9/Materials/map6.mat
  artifactKey: Guid(f7f5b4dfcdfd1e041b80c56f1ff01b10) Importer(815301076,1909f56bfc062723c751e8b465ee728b)
Start importing Assets/HousePack/Models/House9/Materials/map6.mat using Guid(f7f5b4dfcdfd1e041b80c56f1ff01b10) Importer(815301076,1909f56bfc062723c751e8b465ee728b)  -> (artifact id: 'e58764950b72af85f5dc0f47e52763aa') in 0.016369 seconds
  Import took 0.021860 seconds .

========================================================================
Received Import Request.
  Time since last request: 0.000273 seconds.
  path: Assets/HousePack/Models/House9/Materials/map9.mat
  artifactKey: Guid(67e8773ed4fef6e48ae994a893e1f722) Importer(815301076,1909f56bfc062723c751e8b465ee728b)
Start importing Assets/HousePack/Models/House9/Materials/map9.mat using Guid(67e8773ed4fef6e48ae994a893e1f722) Importer(815301076,1909f56bfc062723c751e8b465ee728b)  -> (artifact id: 'd86b2e5a4e3db59beab169a9e477b248') in 0.012123 seconds
  Import took 0.018204 seconds .

========================================================================
Received Import Request.
  Time since last request: 0.000581 seconds.
  path: Assets/HousePack/Models/House9/Materials/map10.mat
  artifactKey: Guid(d93649dc1ec8edc4996ba23794677838) Importer(815301076,1909f56bfc062723c751e8b465ee728b)
Start importing Assets/HousePack/Models/House9/Materials/map10.mat using Guid(d93649dc1ec8edc4996ba23794677838) Importer(815301076,1909f56bfc062723c751e8b465ee728b)  -> (artifact id: 'eff9d607471320a8b1b6753e830deab9') in 0.012349 seconds
  Import took 0.017433 seconds .

========================================================================
Received Import Request.
  Time since last request: 0.000291 seconds.
  path: Assets/HousePack/Models/House9/Materials/map7.mat
  artifactKey: Guid(9c0db95e2cb01294db6e12a5199862c6) Importer(815301076,1909f56bfc062723c751e8b465ee728b)
Start importing Assets/HousePack/Models/House9/Materials/map7.mat using Guid(9c0db95e2cb01294db6e12a5199862c6) Importer(815301076,1909f56bfc062723c751e8b465ee728b)  -> (artifact id: '7d8559320359d9b46baaad9efe4d3737') in 0.012082 seconds
  Import took 0.016780 seconds .

========================================================================
Received Import Request.
  Time since last request: 0.000271 seconds.
  path: Assets/HousePack/Models/House9/Materials/map3.mat
  artifactKey: Guid(1f1102ec09c367d4b87a2a446b246ec1) Importer(815301076,1909f56bfc062723c751e8b465ee728b)
Start importing Assets/HousePack/Models/House9/Materials/map3.mat using Guid(1f1102ec09c367d4b87a2a446b246ec1) Importer(815301076,1909f56bfc062723c751e8b465ee728b)  -> (artifact id: '124c228c3756dfa0f365f1c813b26487') in 0.017475 seconds
  Import took 0.022632 seconds .

========================================================================
Received Import Request.
  Time since last request: 0.000303 seconds.
  path: Assets/HousePack/Models/House9/Materials/map12.mat
  artifactKey: Guid(07ba8d04693491941a1719053681f720) Importer(815301076,1909f56bfc062723c751e8b465ee728b)
Start importing Assets/HousePack/Models/House9/Materials/map12.mat using Guid(07ba8d04693491941a1719053681f720) Importer(815301076,1909f56bfc062723c751e8b465ee728b)  -> (artifact id: '1ffc471c2c0d34fde3be0d24297d3e3c') in 0.014272 seconds
  Import took 0.019716 seconds .

========================================================================
Received Import Request.
  Time since last request: 296.067390 seconds.
  path: Assets/RPG_FPS_game_assets_industrial/Textures/Concrete_wall
  artifactKey: Guid(688ac4196518a54448d3f16172589e38) Importer(815301076,1909f56bfc062723c751e8b465ee728b)
Start importing Assets/RPG_FPS_game_assets_industrial/Textures/Concrete_wall using Guid(688ac4196518a54448d3f16172589e38) Importer(815301076,1909f56bfc062723c751e8b465ee728b)  -> (artifact id: '8952c558c3dd4139850726e73b4e80e7') in 0.007734 seconds
  Import took 0.014061 seconds .

========================================================================
Received Import Request.
  Time since last request: 0.671481 seconds.
  path: Assets/RPG_FPS_game_assets_industrial/Textures/Concrete_wall/UNIConcrete_walls
  artifactKey: Guid(5e4c0584c4e257749a1c42433e1b7491) Importer(815301076,1909f56bfc062723c751e8b465ee728b)
Start importing Assets/RPG_FPS_game_assets_industrial/Textures/Concrete_wall/UNIConcrete_walls using Guid(5e4c0584c4e257749a1c42433e1b7491) Importer(815301076,1909f56bfc062723c751e8b465ee728b)  -> (artifact id: '4b7f8f5ac41b1800ec073af5f6d63e74') in 0.006098 seconds
  Import took 0.011253 seconds .

========================================================================
Received Import Request.
  Time since last request: 0.875157 seconds.
  path: Assets/RPG_FPS_game_assets_industrial/Textures/Concrete_wall/UNIConcrete_walls/UNIConcrete_wall_v1
  artifactKey: Guid(0050cc409568a054a8e2f43c63ab5bfb) Importer(815301076,1909f56bfc062723c751e8b465ee728b)
Start importing Assets/RPG_FPS_game_assets_industrial/Textures/Concrete_wall/UNIConcrete_walls/UNIConcrete_wall_v1 using Guid(0050cc409568a054a8e2f43c63ab5bfb) Importer(815301076,1909f56bfc062723c751e8b465ee728b)  -> (artifact id: '7d586f8e32dec06c106d8c6e7fdfbaeb') in 0.006512 seconds
  Import took 0.011693 seconds .

========================================================================
Received Import Request.
  Time since last request: 0.735347 seconds.
  path: Assets/RPG_FPS_game_assets_industrial/Textures/Concrete_wall/UNIConcrete_walls/UNIConcrete_wall_v1/UNIConcrete_wall_v1.mat
  artifactKey: Guid(4b2c2bed67203ed45aa381875cc556bb) Importer(815301076,1909f56bfc062723c751e8b465ee728b)
Start importing Assets/RPG_FPS_game_assets_industrial/Textures/Concrete_wall/UNIConcrete_walls/UNIConcrete_wall_v1/UNIConcrete_wall_v1.mat using Guid(4b2c2bed67203ed45aa381875cc556bb) Importer(815301076,1909f56bfc062723c751e8b465ee728b)  -> (artifact id: '59b610f802d3f93dfcf18cf105776d5f') in 0.010799 seconds
  Import took 0.015837 seconds .

========================================================================
Received Import Request.
  Time since last request: 0.000327 seconds.
  path: Assets/RPG_FPS_game_assets_industrial/Textures/Concrete_wall/UNIConcrete_walls/UNIConcrete_wall_v1/UNIConcrete_wall_v1.tga
  artifactKey: Guid(6200c2173b59a4040b82202cdbc218f1) Importer(815301076,1909f56bfc062723c751e8b465ee728b)
Start importing Assets/RPG_FPS_game_assets_industrial/Textures/Concrete_wall/UNIConcrete_walls/UNIConcrete_wall_v1/UNIConcrete_wall_v1.tga using Guid(6200c2173b59a4040b82202cdbc218f1) Importer(815301076,1909f56bfc062723c751e8b465ee728b)  -> (artifact id: 'd8cc73a994511a3204d756bd99008077') in 0.012698 seconds
  Import took 0.017224 seconds .

========================================================================
Received Import Request.
  Time since last request: 10.280941 seconds.
  path: Assets/Tiling Material Pack_Free/Materials/Rock
  artifactKey: Guid(e4c41505091052442b54b754c4e3822c) Importer(815301076,1909f56bfc062723c751e8b465ee728b)
Start importing Assets/Tiling Material Pack_Free/Materials/Rock using Guid(e4c41505091052442b54b754c4e3822c) Importer(815301076,1909f56bfc062723c751e8b465ee728b)  -> (artifact id: '86e091eb769f4a0183a5f0bf99304328') in 0.007811 seconds
  Import took 0.012870 seconds .

========================================================================
Received Import Request.
  Time since last request: 0.718698 seconds.
  path: Assets/Tiling Material Pack_Free/Materials/Rock/Rock_003
  artifactKey: Guid(41b3b41cfa26c8d4a9d6d9bedb9b4a87) Importer(815301076,1909f56bfc062723c751e8b465ee728b)
Start importing Assets/Tiling Material Pack_Free/Materials/Rock/Rock_003 using Guid(41b3b41cfa26c8d4a9d6d9bedb9b4a87) Importer(815301076,1909f56bfc062723c751e8b465ee728b)  -> (artifact id: '16161b78f41b927ce96ca8fdc69b4098') in 0.006212 seconds
  Import took 0.011676 seconds .

========================================================================
Received Import Request.
  Time since last request: 0.100805 seconds.
  path: Assets/Tiling Material Pack_Free/Materials/Rock/Rock_003/Rock_003_Ambient_Occlusion.png
  artifactKey: Guid(6fc889a5ef7116443bc39a635dd21b87) Importer(815301076,1909f56bfc062723c751e8b465ee728b)
Start importing Assets/Tiling Material Pack_Free/Materials/Rock/Rock_003/Rock_003_Ambient_Occlusion.png using Guid(6fc889a5ef7116443bc39a635dd21b87) Importer(815301076,1909f56bfc062723c751e8b465ee728b)  -> (artifact id: 'edbb4d5c381e05c2c141f6c1970fc929') in 0.042271 seconds
  Import took 0.047624 seconds .

========================================================================
Received Import Request.
  Time since last request: 0.000180 seconds.
  path: Assets/Tiling Material Pack_Free/Materials/Rock/Rock_003/Rock_003_Normal.png
  artifactKey: Guid(7ea9ea7cdd14f1146b0eed669773ba2f) Importer(815301076,1909f56bfc062723c751e8b465ee728b)
Start importing Assets/Tiling Material Pack_Free/Materials/Rock/Rock_003/Rock_003_Normal.png using Guid(7ea9ea7cdd14f1146b0eed669773ba2f) Importer(815301076,1909f56bfc062723c751e8b465ee728b)  -> (artifact id: '86f8b4e79a4ac8a77b92f6454d15f4ac') in 0.015805 seconds
  Import took 0.020262 seconds .

========================================================================
Received Import Request.
  Time since last request: 0.000184 seconds.
  path: Assets/Tiling Material Pack_Free/Materials/Rock/Rock_003/Rock_003_Base_Color.png
  artifactKey: Guid(f326dd030346bc040a196ade189625d5) Importer(815301076,1909f56bfc062723c751e8b465ee728b)
Start importing Assets/Tiling Material Pack_Free/Materials/Rock/Rock_003/Rock_003_Base_Color.png using Guid(f326dd030346bc040a196ade189625d5) Importer(815301076,1909f56bfc062723c751e8b465ee728b)  -> (artifact id: '1f552169b69b6bdead74874f85dd8988') in 0.015385 seconds
  Import took 0.019812 seconds .

========================================================================
Received Import Request.
  Time since last request: 0.000260 seconds.
  path: Assets/Tiling Material Pack_Free/Materials/Rock/Rock_003/Rock_003_Height.png
  artifactKey: Guid(15093c08abc42ef46b0c7203a6ad66ef) Importer(815301076,1909f56bfc062723c751e8b465ee728b)
Start importing Assets/Tiling Material Pack_Free/Materials/Rock/Rock_003/Rock_003_Height.png using Guid(15093c08abc42ef46b0c7203a6ad66ef) Importer(815301076,1909f56bfc062723c751e8b465ee728b)  -> (artifact id: 'e335bc4326e099578e9d4f72ec9d6170') in 0.015647 seconds
  Import took 0.020755 seconds .

========================================================================
Received Import Request.
  Time since last request: 0.000224 seconds.
  path: Assets/Tiling Material Pack_Free/Materials/Rock/Rock_003/Rock_003_Base_Color.png
  artifactKey: Guid(f326dd030346bc040a196ade189625d5) Importer(815301076,1909f56bfc062723c751e8b465ee728b)
Start importing Assets/Tiling Material Pack_Free/Materials/Rock/Rock_003/Rock_003_Base_Color.png using Guid(f326dd030346bc040a196ade189625d5) Importer(815301076,1909f56bfc062723c751e8b465ee728b)  -> (artifact id: '1f552169b69b6bdead74874f85dd8988') in 0.010400 seconds
  Import took 0.015459 seconds .

========================================================================
Received Import Request.
  Time since last request: 0.000216 seconds.
  path: Assets/Tiling Material Pack_Free/Materials/Rock/Rock_003/Rock_003_Material.mat
  artifactKey: Guid(68ff029d8d337a141bf0fc6e02389478) Importer(815301076,1909f56bfc062723c751e8b465ee728b)
Start importing Assets/Tiling Material Pack_Free/Materials/Rock/Rock_003/Rock_003_Material.mat using Guid(68ff029d8d337a141bf0fc6e02389478) Importer(815301076,1909f56bfc062723c751e8b465ee728b)  -> (artifact id: 'be01d5d2c81ad11f37085896a54e9f59') in 0.012789 seconds
  Import took 0.017042 seconds .

========================================================================
Received Import Request.
  Time since last request: 2.457062 seconds.
  path: Assets/Tiling Material Pack_Free/Materials/Rock/Rock_020
  artifactKey: Guid(305507c0ab2435342992cedd9d53dee0) Importer(815301076,1909f56bfc062723c751e8b465ee728b)
Start importing Assets/Tiling Material Pack_Free/Materials/Rock/Rock_020 using Guid(305507c0ab2435342992cedd9d53dee0) Importer(815301076,1909f56bfc062723c751e8b465ee728b)  -> (artifact id: '383d8d257839c8f4c8d850b5a349b859') in 0.006404 seconds
  Import took 0.011286 seconds .

========================================================================
Received Import Request.
  Time since last request: 0.092503 seconds.
  path: Assets/Tiling Material Pack_Free/Materials/Rock/Rock_020/Rock_020_Ambient_Occlusion.png
  artifactKey: Guid(4da5d05792b76ee4b98555d4c4ab629f) Importer(815301076,1909f56bfc062723c751e8b465ee728b)
Start importing Assets/Tiling Material Pack_Free/Materials/Rock/Rock_020/Rock_020_Ambient_Occlusion.png using Guid(4da5d05792b76ee4b98555d4c4ab629f) Importer(815301076,1909f56bfc062723c751e8b465ee728b)  -> (artifact id: 'f91673839883005c8afbc56ff7b140b9') in 0.020084 seconds
  Import took 0.025570 seconds .

========================================================================
Received Import Request.
  Time since last request: 0.000264 seconds.
  path: Assets/Tiling Material Pack_Free/Materials/Rock/Rock_020/Rock_020_Base_Color.png
  artifactKey: Guid(c73e0ef0432627c449887d15916f6f48) Importer(815301076,1909f56bfc062723c751e8b465ee728b)
Start importing Assets/Tiling Material Pack_Free/Materials/Rock/Rock_020/Rock_020_Base_Color.png using Guid(c73e0ef0432627c449887d15916f6f48) Importer(815301076,1909f56bfc062723c751e8b465ee728b)  -> (artifact id: 'c998215f88bee6f71563541e22f1fb52') in 0.019488 seconds
  Import took 0.023754 seconds .

========================================================================
Received Import Request.
  Time since last request: 0.000182 seconds.
  path: Assets/Tiling Material Pack_Free/Materials/Rock/Rock_020/Rock_020_Normal.png
  artifactKey: Guid(6fdd67e9df2f86e4795f5c6bdd9657ce) Importer(815301076,1909f56bfc062723c751e8b465ee728b)
Start importing Assets/Tiling Material Pack_Free/Materials/Rock/Rock_020/Rock_020_Normal.png using Guid(6fdd67e9df2f86e4795f5c6bdd9657ce) Importer(815301076,1909f56bfc062723c751e8b465ee728b)  -> (artifact id: '61188a36a8211a551ff04ae63cfa0df4') in 0.015253 seconds
  Import took 0.019659 seconds .

========================================================================
Received Import Request.
  Time since last request: 0.000185 seconds.
  path: Assets/Tiling Material Pack_Free/Materials/Rock/Rock_020/Rock_020_Height.png
  artifactKey: Guid(e67508ebc3cb353478f6d965da845e05) Importer(815301076,1909f56bfc062723c751e8b465ee728b)
Start importing Assets/Tiling Material Pack_Free/Materials/Rock/Rock_020/Rock_020_Height.png using Guid(e67508ebc3cb353478f6d965da845e05) Importer(815301076,1909f56bfc062723c751e8b465ee728b)  -> (artifact id: '1f628268d54413a96de538c02a738533') in 0.017743 seconds
  Import took 0.022483 seconds .

========================================================================
Received Import Request.
  Time since last request: 0.000250 seconds.
  path: Assets/Tiling Material Pack_Free/Materials/Rock/Rock_020/Rock_020_Material.mat
  artifactKey: Guid(8ffb1632089cdbf41a583dd9b7cc73f2) Importer(815301076,1909f56bfc062723c751e8b465ee728b)
Start importing Assets/Tiling Material Pack_Free/Materials/Rock/Rock_020/Rock_020_Material.mat using Guid(8ffb1632089cdbf41a583dd9b7cc73f2) Importer(815301076,1909f56bfc062723c751e8b465ee728b)  -> (artifact id: 'c368c575b685f140f6751a95d4a991ef') in 0.012092 seconds
  Import took 0.016651 seconds .

========================================================================
Received Import Request.
  Time since last request: 0.000169 seconds.
  path: Assets/Tiling Material Pack_Free/Materials/Rock/Rock_020/Rock_020_Height.png
  artifactKey: Guid(e67508ebc3cb353478f6d965da845e05) Importer(815301076,1909f56bfc062723c751e8b465ee728b)
Start importing Assets/Tiling Material Pack_Free/Materials/Rock/Rock_020/Rock_020_Height.png using Guid(e67508ebc3cb353478f6d965da845e05) Importer(815301076,1909f56bfc062723c751e8b465ee728b)  -> (artifact id: '1f628268d54413a96de538c02a738533') in 0.010851 seconds
  Import took 0.015136 seconds .

========================================================================
Received Import Request.
  Time since last request: 16.545266 seconds.
  path: Assets/Tiling Material Pack_Free/Materials/Rock/Rock_020/Rock_020_Material.mat
  artifactKey: Guid(8ffb1632089cdbf41a583dd9b7cc73f2) Importer(815301076,1909f56bfc062723c751e8b465ee728b)
Start importing Assets/Tiling Material Pack_Free/Materials/Rock/Rock_020/Rock_020_Material.mat using Guid(8ffb1632089cdbf41a583dd9b7cc73f2) Importer(815301076,1909f56bfc062723c751e8b465ee728b)  -> (artifact id: 'b8d7a22a914c500abbb222ccbf84d6f7') in 0.017741 seconds
  Import took 0.024139 seconds .

========================================================================
Received Prepare
Registering precompiled user dll's ...
Registered in 0.001347 seconds.
Begin MonoManager ReloadAssembly
Native extension for WindowsStandalone target not found
Refreshing native plugins compatible for Editor in 0.60 ms, found 0 plugins.
Preloading 0 native plugins for Editor in 0.00 ms.
Warning: Annotation not found!
UnityEngine.StackTraceUtility:ExtractStackTrace ()
UnityEditor.ProBuilder.EditorUtility:SetGizmoIconEnabled (System.Type,bool)
UnityEditor.ProBuilder.HierarchyListener:.cctor ()
System.Runtime.CompilerServices.RuntimeHelpers:RunClassConstructor (System.RuntimeTypeHandle)
UnityEditor.EditorAssemblies:ProcessInitializeOnLoadAttributes (System.Type[])

[C:\buildslave\unity\build\Editor/Src/AnnotationManager.cpp line 229]

Invoked RoslynAnalysisRunner static constructor.
RoslynAnalysisRunner will not be running.
RoslynAnalysisRunner has terminated.
Mono: successfully reloaded assembly
- Completed reload, in  0.870 seconds
Platform modules already initialized, skipping
Shader 'Universal Render Pipeline/Particles/Lit': fallback shader 'Universal Render Pipeline/Particles/SimpleLit' not found
Refreshing native plugins compatible for Editor in 0.55 ms, found 0 plugins.
Preloading 0 native plugins for Editor in 0.00 ms.
Unloading 3132 Unused Serialized files (Serialized files now loaded: 0)
System memory in use before: 158.5 MB.
System memory in use after: 158.7 MB.

Unloading 8 unused Assets to reduce memory usage. Loaded Objects now: 3825.
Total: 3.022700 ms (FindLiveObjects: 0.312400 ms CreateObjectMapping: 0.191100 ms MarkObjects: 2.483000 ms  DeleteObjects: 0.035300 ms)

========================================================================
Received Import Request.
  Time since last request: 117.233064 seconds.
  path: Assets/Tiling Material Pack_Free
  artifactKey: Guid(c2a0a884b3d76554d8117b39a26128d5) Importer(815301076,1909f56bfc062723c751e8b465ee728b)
Start importing Assets/Tiling Material Pack_Free using Guid(c2a0a884b3d76554d8117b39a26128d5) Importer(815301076,1909f56bfc062723c751e8b465ee728b)  -> (artifact id: '779645d4d4c7d05e9a0b02825e641312') in 0.010712 seconds
  Import took 0.016133 seconds .

========================================================================
Received Import Request.
  Time since last request: 1.557187 seconds.
  path: Assets/Tiling Material Pack_Free/demo
  artifactKey: Guid(47a3ad3eb7c4e064baae94c65a3ba3f4) Importer(815301076,1909f56bfc062723c751e8b465ee728b)
Start importing Assets/Tiling Material Pack_Free/demo using Guid(47a3ad3eb7c4e064baae94c65a3ba3f4) Importer(815301076,1909f56bfc062723c751e8b465ee728b)  -> (artifact id: '63e834521cf49e7b6fffb726a511b97d') in 0.007846 seconds
  Import took 0.013539 seconds .

========================================================================
Received Import Request.
  Time since last request: 3.412068 seconds.
  path: Assets/Tiling Material Pack_Free/Materials/Wood
  artifactKey: Guid(7a991d92eaf7b5e4fbb8f91c396aad6d) Importer(815301076,1909f56bfc062723c751e8b465ee728b)
Start importing Assets/Tiling Material Pack_Free/Materials/Wood using Guid(7a991d92eaf7b5e4fbb8f91c396aad6d) Importer(815301076,1909f56bfc062723c751e8b465ee728b)  -> (artifact id: '871b7d6e8f0c51d4ce2feca15a29cd78') in 0.006646 seconds
  Import took 0.011560 seconds .

========================================================================
Received Import Request.
  Time since last request: 0.287082 seconds.
  path: Assets/Tiling Material Pack_Free/Materials/Wall
  artifactKey: Guid(317c2c2c21f527545aa81da08fd923f0) Importer(815301076,1909f56bfc062723c751e8b465ee728b)
Start importing Assets/Tiling Material Pack_Free/Materials/Wall using Guid(317c2c2c21f527545aa81da08fd923f0) Importer(815301076,1909f56bfc062723c751e8b465ee728b)  -> (artifact id: '969c5543f72a72c7f2d2fa16264a07b8') in 0.006360 seconds
  Import took 0.011419 seconds .

========================================================================
Received Import Request.
  Time since last request: 1.549809 seconds.
  path: Assets/Tiling Material Pack_Free/Materials/Wall/Wall_002
  artifactKey: Guid(f47572412f53c19469ca7dc47dc85936) Importer(815301076,1909f56bfc062723c751e8b465ee728b)
Start importing Assets/Tiling Material Pack_Free/Materials/Wall/Wall_002 using Guid(f47572412f53c19469ca7dc47dc85936) Importer(815301076,1909f56bfc062723c751e8b465ee728b)  -> (artifact id: '0e69c8092485ae89cb18555687ad1c41') in 0.005919 seconds
  Import took 0.011340 seconds .

========================================================================
Received Import Request.
  Time since last request: 0.075436 seconds.
  path: Assets/Tiling Material Pack_Free/Materials/Wall/Wall_002/Wall_002_Ambient_Occlusion.png
  artifactKey: Guid(2f14e456687ec53488e6865e491404fd) Importer(815301076,1909f56bfc062723c751e8b465ee728b)
Start importing Assets/Tiling Material Pack_Free/Materials/Wall/Wall_002/Wall_002_Ambient_Occlusion.png using Guid(2f14e456687ec53488e6865e491404fd) Importer(815301076,1909f56bfc062723c751e8b465ee728b)  -> (artifact id: '76d6ca4eca01aa0d5e5c66790267242a') in 0.029065 seconds
  Import took 0.033906 seconds .

========================================================================
Received Import Request.
  Time since last request: 0.000211 seconds.
  path: Assets/Tiling Material Pack_Free/Materials/Wall/Wall_002/Wall_002_Normal.png
  artifactKey: Guid(9e49f6b4cd1ffcb4e84542262130c759) Importer(815301076,1909f56bfc062723c751e8b465ee728b)
Start importing Assets/Tiling Material Pack_Free/Materials/Wall/Wall_002/Wall_002_Normal.png using Guid(9e49f6b4cd1ffcb4e84542262130c759) Importer(815301076,1909f56bfc062723c751e8b465ee728b)  -> (artifact id: '0290e952575a474d326d5b3f1e2fb577') in 0.020993 seconds
  Import took 0.025342 seconds .

========================================================================
Received Import Request.
  Time since last request: 0.000266 seconds.
  path: Assets/Tiling Material Pack_Free/Materials/Wall/Wall_002/Wall_002_Height.png
  artifactKey: Guid(ccce8cfe214c90f41951b1b2bc5f5630) Importer(815301076,1909f56bfc062723c751e8b465ee728b)
Start importing Assets/Tiling Material Pack_Free/Materials/Wall/Wall_002/Wall_002_Height.png using Guid(ccce8cfe214c90f41951b1b2bc5f5630) Importer(815301076,1909f56bfc062723c751e8b465ee728b)  -> (artifact id: 'd95bd0b9a8b9e7008285ce21104d99c6') in 0.027515 seconds
  Import took 0.031966 seconds .

========================================================================
Received Import Request.
  Time since last request: 0.000206 seconds.
  path: Assets/Tiling Material Pack_Free/Materials/Wall/Wall_002/Wall_002_Material.mat
  artifactKey: Guid(c027d393d0aff874db79999b135667c3) Importer(815301076,1909f56bfc062723c751e8b465ee728b)
Start importing Assets/Tiling Material Pack_Free/Materials/Wall/Wall_002/Wall_002_Material.mat using Guid(c027d393d0aff874db79999b135667c3) Importer(815301076,1909f56bfc062723c751e8b465ee728b)  -> (artifact id: '39e132e147f048b18264d61b26f3aad0') in 0.125823 seconds
  Import took 0.130311 seconds .

========================================================================
Received Import Request.
  Time since last request: 0.000207 seconds.
  path: Assets/Tiling Material Pack_Free/Materials/Wall/Wall_002/Wall_002_Base_Color.png
  artifactKey: Guid(931e38a285be2d64b9d538ccd09bc1f2) Importer(815301076,1909f56bfc062723c751e8b465ee728b)
Start importing Assets/Tiling Material Pack_Free/Materials/Wall/Wall_002/Wall_002_Base_Color.png using Guid(931e38a285be2d64b9d538ccd09bc1f2) Importer(815301076,1909f56bfc062723c751e8b465ee728b)  -> (artifact id: '28e2bba834e6eebcc0721a844d01b5b0') in 0.017381 seconds
  Import took 0.022173 seconds .

========================================================================
Received Import Request.
  Time since last request: 3.502524 seconds.
  path: Assets/Tiling Material Pack_Free/Materials/Other
  artifactKey: Guid(21265ad81bb36dd4e8606b6ca5d7ce54) Importer(815301076,1909f56bfc062723c751e8b465ee728b)
Start importing Assets/Tiling Material Pack_Free/Materials/Other using Guid(21265ad81bb36dd4e8606b6ca5d7ce54) Importer(815301076,1909f56bfc062723c751e8b465ee728b)  -> (artifact id: '0f31cb56cb2b19991caa30d19fa4d663') in 0.006242 seconds
  Import took 0.010964 seconds .

========================================================================
Received Import Request.
  Time since last request: 0.730609 seconds.
  path: Assets/Tiling Material Pack_Free/Materials/Other/Other_002
  artifactKey: Guid(bb512cb25bc053b4db8ad7b8ad77c46f) Importer(815301076,1909f56bfc062723c751e8b465ee728b)
Start importing Assets/Tiling Material Pack_Free/Materials/Other/Other_002 using Guid(bb512cb25bc053b4db8ad7b8ad77c46f) Importer(815301076,1909f56bfc062723c751e8b465ee728b)  -> (artifact id: '2a1c7e821b96474600547f8e4c401fff') in 0.006299 seconds
  Import took 0.011318 seconds .

========================================================================
Received Import Request.
  Time since last request: 0.104084 seconds.
  path: Assets/Tiling Material Pack_Free/Materials/Other/Other_002/Other_002_Ambient_Occlusion.png
  artifactKey: Guid(86f418ec539f42848ae283420c290210) Importer(815301076,1909f56bfc062723c751e8b465ee728b)
Start importing Assets/Tiling Material Pack_Free/Materials/Other/Other_002/Other_002_Ambient_Occlusion.png using Guid(86f418ec539f42848ae283420c290210) Importer(815301076,1909f56bfc062723c751e8b465ee728b)  -> (artifact id: '8d4543fd773ae9e0849a3956f3b2501b') in 0.017580 seconds
  Import took 0.022542 seconds .

========================================================================
Received Import Request.
  Time since last request: 0.000277 seconds.
  path: Assets/Tiling Material Pack_Free/Materials/Other/Other_002/Other_002_Normal.png
  artifactKey: Guid(334844194e9b4994ab22b5f74bef6cf8) Importer(815301076,1909f56bfc062723c751e8b465ee728b)
Start importing Assets/Tiling Material Pack_Free/Materials/Other/Other_002/Other_002_Normal.png using Guid(334844194e9b4994ab22b5f74bef6cf8) Importer(815301076,1909f56bfc062723c751e8b465ee728b)  -> (artifact id: 'aab06cfca1f9a966b54d79ecf3375bee') in 0.018145 seconds
  Import took 0.022875 seconds .

========================================================================
Received Import Request.
  Time since last request: 0.000223 seconds.
  path: Assets/Tiling Material Pack_Free/Materials/Other/Other_002/Other_002_Material.mat
  artifactKey: Guid(c2ff9d3c2b585fc4685c85d09c33fe21) Importer(815301076,1909f56bfc062723c751e8b465ee728b)
Start importing Assets/Tiling Material Pack_Free/Materials/Other/Other_002/Other_002_Material.mat using Guid(c2ff9d3c2b585fc4685c85d09c33fe21) Importer(815301076,1909f56bfc062723c751e8b465ee728b)  -> (artifact id: '95a452561808cb3bd897b3e7d2498d27') in 0.024791 seconds
  Import took 0.029770 seconds .

========================================================================
Received Import Request.
  Time since last request: 0.000209 seconds.
  path: Assets/Tiling Material Pack_Free/Materials/Other/Other_002/Other_002_Base_Color.png
  artifactKey: Guid(fd9d522e5955d464ea2af0239b87aac4) Importer(815301076,1909f56bfc062723c751e8b465ee728b)
Start importing Assets/Tiling Material Pack_Free/Materials/Other/Other_002/Other_002_Base_Color.png using Guid(fd9d522e5955d464ea2af0239b87aac4) Importer(815301076,1909f56bfc062723c751e8b465ee728b)  -> (artifact id: '953e6ef8e8239d39d5b60ad383a15b24') in 0.016265 seconds
  Import took 0.021004 seconds .

========================================================================
Received Import Request.
  Time since last request: 0.000247 seconds.
  path: Assets/Tiling Material Pack_Free/Materials/Other/Other_002/Other_002_Height.png
  artifactKey: Guid(afa876b25ff1fd44193e842c0b42a7da) Importer(815301076,1909f56bfc062723c751e8b465ee728b)
Start importing Assets/Tiling Material Pack_Free/Materials/Other/Other_002/Other_002_Height.png using Guid(afa876b25ff1fd44193e842c0b42a7da) Importer(815301076,1909f56bfc062723c751e8b465ee728b)  -> (artifact id: '3d35f4b5229cc0b3d428b278d3783f15') in 0.028764 seconds
  Import took 0.033334 seconds .

========================================================================
Received Import Request.
  Time since last request: 1.650925 seconds.
  path: Assets/Tiling Material Pack_Free/Materials/Other/Other_004
  artifactKey: Guid(da9294a3a04a76f4691692251268ab44) Importer(815301076,1909f56bfc062723c751e8b465ee728b)
Start importing Assets/Tiling Material Pack_Free/Materials/Other/Other_004 using Guid(da9294a3a04a76f4691692251268ab44) Importer(815301076,1909f56bfc062723c751e8b465ee728b)  -> (artifact id: '9e39e2c3bf4ffe698034a9c82c713a9b') in 0.006084 seconds
  Import took 0.011577 seconds .

========================================================================
Received Import Request.
  Time since last request: 0.087925 seconds.
  path: Assets/Tiling Material Pack_Free/Materials/Other/Other_004/Other_004_Ambient_Occlusion.png
  artifactKey: Guid(c06321d210ab6274ca231c37a8e3dee6) Importer(815301076,1909f56bfc062723c751e8b465ee728b)
Start importing Assets/Tiling Material Pack_Free/Materials/Other/Other_004/Other_004_Ambient_Occlusion.png using Guid(c06321d210ab6274ca231c37a8e3dee6) Importer(815301076,1909f56bfc062723c751e8b465ee728b)  -> (artifact id: '7d0675773b3052db43ab7c7333a3e89a') in 0.014940 seconds
  Import took 0.020494 seconds .

========================================================================
Received Import Request.
  Time since last request: 0.000260 seconds.
  path: Assets/Tiling Material Pack_Free/Materials/Other/Other_004/Other_004_Base_Color.png
  artifactKey: Guid(884e8804aba711b478580b872e76f03f) Importer(815301076,1909f56bfc062723c751e8b465ee728b)
Start importing Assets/Tiling Material Pack_Free/Materials/Other/Other_004/Other_004_Base_Color.png using Guid(884e8804aba711b478580b872e76f03f) Importer(815301076,1909f56bfc062723c751e8b465ee728b)  -> (artifact id: 'b085f9c576358bd83f2fec1e3907714e') in 0.017045 seconds
  Import took 0.021623 seconds .

========================================================================
Received Import Request.
  Time since last request: 0.000286 seconds.
  path: Assets/Tiling Material Pack_Free/Materials/Other/Other_004/Other_004_Height.png
  artifactKey: Guid(5c2f6e934c4f4164589472edac598906) Importer(815301076,1909f56bfc062723c751e8b465ee728b)
Start importing Assets/Tiling Material Pack_Free/Materials/Other/Other_004/Other_004_Height.png using Guid(5c2f6e934c4f4164589472edac598906) Importer(815301076,1909f56bfc062723c751e8b465ee728b)  -> (artifact id: '51c798fc34f6010e360b3c7cf27dc10b') in 0.019279 seconds
  Import took 0.024675 seconds .

========================================================================
Received Import Request.
  Time since last request: 0.000267 seconds.
  path: Assets/Tiling Material Pack_Free/Materials/Other/Other_004/Other_004_Base_Color.png
  artifactKey: Guid(884e8804aba711b478580b872e76f03f) Importer(815301076,1909f56bfc062723c751e8b465ee728b)
Start importing Assets/Tiling Material Pack_Free/Materials/Other/Other_004/Other_004_Base_Color.png using Guid(884e8804aba711b478580b872e76f03f) Importer(815301076,1909f56bfc062723c751e8b465ee728b)  -> (artifact id: 'b085f9c576358bd83f2fec1e3907714e') in 0.014007 seconds
  Import took 0.019247 seconds .

========================================================================
Received Import Request.
  Time since last request: 0.000367 seconds.
  path: Assets/Tiling Material Pack_Free/Materials/Other/Other_004/Other_004_Height.png
  artifactKey: Guid(5c2f6e934c4f4164589472edac598906) Importer(815301076,1909f56bfc062723c751e8b465ee728b)
Start importing Assets/Tiling Material Pack_Free/Materials/Other/Other_004/Other_004_Height.png using Guid(5c2f6e934c4f4164589472edac598906) Importer(815301076,1909f56bfc062723c751e8b465ee728b)  -> (artifact id: '51c798fc34f6010e360b3c7cf27dc10b') in 0.013343 seconds
  Import took 0.018105 seconds .

========================================================================
Received Import Request.
  Time since last request: 0.000160 seconds.
  path: Assets/Tiling Material Pack_Free/Materials/Other/Other_004/Other_004_Material.mat
  artifactKey: Guid(4943a6011d100ae43beb4d81de7fcbfd) Importer(815301076,1909f56bfc062723c751e8b465ee728b)
Start importing Assets/Tiling Material Pack_Free/Materials/Other/Other_004/Other_004_Material.mat using Guid(4943a6011d100ae43beb4d81de7fcbfd) Importer(815301076,1909f56bfc062723c751e8b465ee728b)  -> (artifact id: '7d45faaa860323f503d06d12807abf1c') in 0.015898 seconds
  Import took 0.021348 seconds .

========================================================================
Received Import Request.
  Time since last request: 303.125548 seconds.
  path: Assets/RPG_FPS_game_assets_industrial/Buildings
  artifactKey: Guid(a72a9631e12630c48853eb7cdbf86ad8) Importer(815301076,1909f56bfc062723c751e8b465ee728b)
Start importing Assets/RPG_FPS_game_assets_industrial/Buildings using Guid(a72a9631e12630c48853eb7cdbf86ad8) Importer(815301076,1909f56bfc062723c751e8b465ee728b)  -> (artifact id: '862fca3d6ff73ca9116c5b11fa8fc8ac') in 0.006132 seconds
  Import took 0.013106 seconds .

========================================================================
Received Import Request.
  Time since last request: 0.658219 seconds.
  path: Assets/RPG_FPS_game_assets_industrial/Buildings/Industrial
  artifactKey: Guid(10349e73b5ac8e24e8806240d4629f63) Importer(815301076,1909f56bfc062723c751e8b465ee728b)
Start importing Assets/RPG_FPS_game_assets_industrial/Buildings/Industrial using Guid(10349e73b5ac8e24e8806240d4629f63) Importer(815301076,1909f56bfc062723c751e8b465ee728b)  -> (artifact id: '9abddb63ba1ebdae70edfd7d9a577a3f') in 0.007754 seconds
  Import took 0.012858 seconds .

========================================================================
Received Import Request.
  Time since last request: 0.564011 seconds.
  path: Assets/RPG_FPS_game_assets_industrial/Buildings/Industrial/Hangars
  artifactKey: Guid(4c982f4402ca9a4408e37318a25a79ec) Importer(815301076,1909f56bfc062723c751e8b465ee728b)
Start importing Assets/RPG_FPS_game_assets_industrial/Buildings/Industrial/Hangars using Guid(4c982f4402ca9a4408e37318a25a79ec) Importer(815301076,1909f56bfc062723c751e8b465ee728b)  -> (artifact id: '8667e9f754bf1a51bb58f175934bbab2') in 0.006874 seconds
  Import took 0.012145 seconds .

========================================================================
Received Import Request.
  Time since last request: 1.363064 seconds.
  path: Assets/RPG_FPS_game_assets_industrial/Buildings/Industrial/Hangars/Hangar_v1
  artifactKey: Guid(4c8023777983aac40b22a680df794308) Importer(815301076,1909f56bfc062723c751e8b465ee728b)
Start importing Assets/RPG_FPS_game_assets_industrial/Buildings/Industrial/Hangars/Hangar_v1 using Guid(4c8023777983aac40b22a680df794308) Importer(815301076,1909f56bfc062723c751e8b465ee728b)  -> (artifact id: '8915ed40d81104723632b3bcdbbf4196') in 0.005651 seconds
  Import took 0.010484 seconds .

========================================================================
Received Import Request.
  Time since last request: 0.130663 seconds.
  path: Assets/RPG_FPS_game_assets_industrial/Buildings/Industrial/Hangars/Hangar_v1/Hangar_v1_full.prefab
  artifactKey: Guid(95c00f442e3cf3643b2062e8e0d0bbd6) Importer(815301076,1909f56bfc062723c751e8b465ee728b)
Start importing Assets/RPG_FPS_game_assets_industrial/Buildings/Industrial/Hangars/Hangar_v1/Hangar_v1_full.prefab using Guid(95c00f442e3cf3643b2062e8e0d0bbd6) Importer(815301076,1909f56bfc062723c751e8b465ee728b)  -> (artifact id: 'b5cde7d460ab3834ea71426328f0b43b') in 0.028563 seconds
  Import took 0.033527 seconds .

========================================================================
Received Import Request.
  Time since last request: 0.000295 seconds.
  path: Assets/RPG_FPS_game_assets_industrial/Buildings/Industrial/Hangars/Hangar_v1/Hangar_v1_half.prefab
  artifactKey: Guid(96c565084cc73634bb2bb33e2d79d426) Importer(815301076,1909f56bfc062723c751e8b465ee728b)
Start importing Assets/RPG_FPS_game_assets_industrial/Buildings/Industrial/Hangars/Hangar_v1/Hangar_v1_half.prefab using Guid(96c565084cc73634bb2bb33e2d79d426) Importer(815301076,1909f56bfc062723c751e8b465ee728b)  -> (artifact id: 'a39bf41f6623d32305c39787ffbfe8b2') in 0.018615 seconds
  Import took 0.023421 seconds .

========================================================================
Received Import Request.
  Time since last request: 0.881787 seconds.
  path: Assets/RPG_FPS_game_assets_industrial/Buildings/Industrial/Hangars/Hangar_v1/Source
  artifactKey: Guid(a48ae6755e9e79c41a52e83455dd8dc3) Importer(815301076,1909f56bfc062723c751e8b465ee728b)
Start importing Assets/RPG_FPS_game_assets_industrial/Buildings/Industrial/Hangars/Hangar_v1/Source using Guid(a48ae6755e9e79c41a52e83455dd8dc3) Importer(815301076,1909f56bfc062723c751e8b465ee728b)  -> (artifact id: '4b068c0808715444b1d140cfdc58be23') in 0.007928 seconds
  Import took 0.013482 seconds .

========================================================================
Received Import Request.
  Time since last request: 0.096233 seconds.
  path: Assets/RPG_FPS_game_assets_industrial/Buildings/Industrial/Hangars/Hangar_v1/Source/Hangar_v1.FBX
  artifactKey: Guid(45fb212df42587744bd168b5d46c0910) Importer(815301076,1909f56bfc062723c751e8b465ee728b)
Start importing Assets/RPG_FPS_game_assets_industrial/Buildings/Industrial/Hangars/Hangar_v1/Source/Hangar_v1.FBX using Guid(45fb212df42587744bd168b5d46c0910) Importer(815301076,1909f56bfc062723c751e8b465ee728b)  -> (artifact id: 'db2a6331a53d1380b55cfeb82d03bcfb') in 0.055093 seconds
  Import took 0.060778 seconds .

========================================================================
Received Import Request.
  Time since last request: 0.000185 seconds.
  path: Assets/RPG_FPS_game_assets_industrial/Buildings/Industrial/Hangars/Hangar_v1/Source/Hangar_v1.mat
  artifactKey: Guid(aca7f32c011a3e44cb877ccaa92fa086) Importer(815301076,1909f56bfc062723c751e8b465ee728b)
Start importing Assets/RPG_FPS_game_assets_industrial/Buildings/Industrial/Hangars/Hangar_v1/Source/Hangar_v1.mat using Guid(aca7f32c011a3e44cb877ccaa92fa086) Importer(815301076,1909f56bfc062723c751e8b465ee728b)  -> (artifact id: '3dc7393578052a262399ab8c44ecfc85') in 0.010594 seconds
  Import took 0.015179 seconds .

========================================================================
Received Import Request.
  Time since last request: 0.000175 seconds.
  path: Assets/RPG_FPS_game_assets_industrial/Buildings/Industrial/Hangars/Hangar_v1/Source/Hangar_v1.tga
  artifactKey: Guid(e5e41360ae94ba445a2e6f7a2bcca35d) Importer(815301076,1909f56bfc062723c751e8b465ee728b)
Start importing Assets/RPG_FPS_game_assets_industrial/Buildings/Industrial/Hangars/Hangar_v1/Source/Hangar_v1.tga using Guid(e5e41360ae94ba445a2e6f7a2bcca35d) Importer(815301076,1909f56bfc062723c751e8b465ee728b)  -> (artifact id: 'afb68d61f61bd3e88cc6db0ecfa9015a') in 0.014742 seconds
  Import took 0.021204 seconds .

AssetImportWorkerClient::OnTransportError - code=2 error=End of file
